<?xml version="1.0" encoding="UTF-8"?>
<!-- Generated by org.testng.reporters.JUnitReportReporter -->
<testsuite hostname="DESKTOP-EEOUR1G" failures="0" tests="1" name="testCases.LoginTest" time="34.528" errors="0" timestamp="2022-03-23T11:08:11 IST" skipped="0">
  <testcase classname="testCases.LoginTest" name="testRun" time="34.528"/>
  <system-out/>
</testsuite> <!-- testCases.LoginTest -->
